<?xml version="1.0" encoding="UTF-8"?>
<!-- Generated by org.testng.reporters.JUnitXMLReporter -->
<testsuite hostname="DESKTOP-Q819BJ1" ignored="0" name="Test" tests="1" failures="0" timestamp="22 Dec 2017 01:07:30 GMT" time="7.95" errors="0">
  <testcase name="@BeforeMethod openApplication" time="0.0" classname="generic.BaseTest">
    <failure type="org.openqa.selenium.WebDriverException" message="Reached error page: about:neterror?e=dnsNotFound&amp;amp;u=http%3A//demo.guru99.com/V4/&amp;amp;c=UTF-8&amp;amp;f=regular&amp;amp;d=Firefox%20can%E2%80%99t%20find%20the%20server%20at%20demo.guru99.com.
Build info: version: &amp;apos;3.6.0&amp;apos;, revision: &amp;apos;6fbf3ec767&amp;apos;, time: &amp;apos;2017-09-27T15:28:36.4Z&amp;apos;
System info: host: &amp;apos;DESKTOP-Q819BJ1&amp;apos;, ip: &amp;apos;127.0.0.1&amp;apos;, os.name: &amp;apos;Windows 10&amp;apos;, os.arch: &amp;apos;amd64&amp;apos;, os.version: &amp;apos;10.0&amp;apos;, java.version: &amp;apos;1.8.0_121&amp;apos;
Driver info: org.openqa.selenium.firefox.FirefoxDriver
Capabilities [{moz:profile=C:\Windows\TEMP\rust_mozprofile.4ZumB7ZxNQkM, rotatable=false, timeouts={implicit=0, pageLoad=300000, script=30000}, pageLoadStrategy=normal, platform=XP, specificationLevel=0, moz:accessibilityChecks=false, acceptInsecureCerts=true, browserVersion=54.0, platformVersion=10.0, moz:processID=2452, browserName=firefox, javascriptEnabled=true, platformName=XP}]
Session ID: 6e1cb916-7b11-4535-a3ee-cbfc9a42b07f">
      <![CDATA[org.openqa.selenium.WebDriverException: Reached error page: about:neterror?e=dnsNotFound&u=http%3A//demo.guru99.com/V4/&c=UTF-8&f=regular&d=Firefox%20can%E2%80%99t%20find%20the%20server%20at%20demo.guru99.com.
Build info: version: '3.6.0', revision: '6fbf3ec767', time: '2017-09-27T15:28:36.4Z'
System info: host: 'DESKTOP-Q819BJ1', ip: '127.0.0.1', os.name: 'Windows 10', os.arch: 'amd64', os.version: '10.0', java.version: '1.8.0_121'
Driver info: org.openqa.selenium.firefox.FirefoxDriver
Capabilities [{moz:profile=C:\Windows\TEMP\rust_mozprofile.4ZumB7ZxNQkM, rotatable=false, timeouts={implicit=0, pageLoad=300000, script=30000}, pageLoadStrategy=normal, platform=XP, specificationLevel=0, moz:accessibilityChecks=false, acceptInsecureCerts=true, browserVersion=54.0, platformVersion=10.0, moz:processID=2452, browserName=firefox, javascriptEnabled=true, platformName=XP}]
Session ID: 6e1cb916-7b11-4535-a3ee-cbfc9a42b07f
	at org.openqa.selenium.remote.http.W3CHttpResponseCodec.createException(W3CHttpResponseCodec.java:185)
	at org.openqa.selenium.remote.http.W3CHttpResponseCodec.decode(W3CHttpResponseCodec.java:120)
	at org.openqa.selenium.remote.http.W3CHttpResponseCodec.decode(W3CHttpResponseCodec.java:49)
	at org.openqa.selenium.remote.HttpCommandExecutor.execute(HttpCommandExecutor.java:164)
	at org.openqa.selenium.remote.service.DriverCommandExecutor.execute(DriverCommandExecutor.java:83)
	at org.openqa.selenium.remote.RemoteWebDriver.execute(RemoteWebDriver.java:586)
	at org.openqa.selenium.remote.RemoteWebDriver.get(RemoteWebDriver.java:310)
	at generic.BaseTest.openApplication(BaseTest.java:41)
... Removed 35 stack frames]]>
    </failure>
  </testcase> <!-- @BeforeMethod openApplication -->
  <testcase name="testvalidLogin" time="0.002" classname="script.validLogin">
    <skipped/>
  </testcase> <!-- testvalidLogin -->
</testsuite> <!-- Test -->
