<?xml version="1.0" encoding="UTF-8"?>
<testsuite xmlns:xsi="http://www.w3.org/2001/XMLSchema-instance" xsi:noNamespaceSchemaLocation="https://maven.apache.org/surefire/maven-surefire-plugin/xsd/surefire-test-report.xsd" name="TestSuite" time="9.196" tests="2" errors="0" skipped="1" failures="1">
  <properties>
[...]
</properties>
  <testcase name="openApplication" classname="script.validLogin" time="8.271">
    <failure message="Reached error page: about:neterror?e=dnsNotFound&amp;u=http%3A//demo.guru99.com/V4/&amp;c=UTF-8&amp;f=regular&amp;d=Firefox%20can%E2%80%99t%20find%20the%20server%20at%20demo.guru99.com.&#10;Build info: version: &apos;3.6.0&apos;, revision: &apos;6fbf3ec767&apos;, time: &apos;2017-09-27T15:28:36.4Z&apos;&#10;System info: host: &apos;DESKTOP-Q819BJ1&apos;, ip: &apos;127.0.0.1&apos;, os.name: &apos;Windows 10&apos;, os.arch: &apos;amd64&apos;, os.version: &apos;10.0&apos;, java.version: &apos;1.8.0_121&apos;&#10;Driver info: org.openqa.selenium.firefox.FirefoxDriver&#10;Capabilities [{moz:profile=C:\Windows\TEMP\rust_mozprofile.4ZumB7ZxNQkM, rotatable=false, timeouts={implicit=0, pageLoad=300000, script=30000}, pageLoadStrategy=normal, platform=XP, specificationLevel=0, moz:accessibilityChecks=false, acceptInsecureCerts=true, browserVersion=54.0, platformVersion=10.0, moz:processID=2452, browserName=firefox, javascriptEnabled=true, platformName=XP}]&#10;Session ID: 6e1cb916-7b11-4535-a3ee-cbfc9a42b07f" type="org.openqa.selenium.WebDriverException"><![CDATA[org.openqa.selenium.WebDriverException: 
Reached error page: about:neterror?e=dnsNotFound&u=http%3A//demo.guru99.com/V4/&c=UTF-8&f=regular&d=Firefox%20can%E2%80%99t%20find%20the%20server%20at%20demo.guru99.com.
Build info: version: '3.6.0', revision: '6fbf3ec767', time: '2017-09-27T15:28:36.4Z'
System info: host: 'DESKTOP-Q819BJ1', ip: '127.0.0.1', os.name: 'Windows 10', os.arch: 'amd64', os.version: '10.0', java.version: '1.8.0_121'
Driver info: org.openqa.selenium.firefox.FirefoxDriver
Capabilities [{moz:profile=C:\Windows\TEMP\rust_mozprofile.4ZumB7ZxNQkM, rotatable=false, timeouts={implicit=0, pageLoad=300000, script=30000}, pageLoadStrategy=normal, platform=XP, specificationLevel=0, moz:accessibilityChecks=false, acceptInsecureCerts=true, browserVersion=54.0, platformVersion=10.0, moz:processID=2452, browserName=firefox, javascriptEnabled=true, platformName=XP}]
Session ID: 6e1cb916-7b11-4535-a3ee-cbfc9a42b07f
]]></failure>
    <system-err><![CDATA[1513904843530	geckodriver	INFO	Listening on 127.0.0.1:3584
1513904844315	geckodriver::marionette	INFO	Starting browser \\?\C:\Program Files (x86)\Mozilla Firefox\firefox.exe with args ["-marionette"]
1513904844649J	avadaScridonpt es.marronagerr: r	eEsourRcReO:R/	/sgtraer/tmuopd uflaeisl/eAdd:d o[nEMxacneapgteiro.nj.s.m.,  "lCionmep o1nent returned failure code: 0x80070057 (NS_ERROR_ILLEGAL_VALUE) [nsIFile.create]"  nsresult: "0x80070057 (NS_ERROR_ILLEGAL_VALUE)"  loc6a5t7i:o nN:S _"EJRSR OfRr_aNmOeT _:I:N IrTeIsourceA:L/I/ZgErDe:/ mAoddduolneMsa/nFaigleUtils.jsm :: FileUtils_getDir :: line 70"  data: no] Stack trace: FileUtils_getDir()@resource://gre/modules/FileUtils.jsm:70 < FileUtils_getFile()@resource://gre/modules/FileUtils.jsm:42 < validateBlocklist()@resource://gre/modules/AddonManager.jsm:6e74 < startup()@resource://gre/modules/AddonManager.jsm:837 < startup()@resource://gre/modules/AddonManager.jsm:3145 < observe()@resource://gre/components/addonManager.js:65
r is not initialized
1513904849054	Marionette	INFO	Listening on port 56862
JavaScript error: resource://gre/modules/AddonManager.jsm, line 2572: NS_ERROR_NOT_INITIALIZED: AddonManager is not initialized
1513904849592	Marionette	WARN	TLS certificate errors will be ignored for this session
Dec 22, 2017 6:37:29 AM org.openqa.selenium.remote.ProtocolHandshake createSession
INFO: Detected dialect: W3C
]]></system-err>
  </testcase>
  <testcase name="testvalidLogin" classname="script.validLogin" time="0">
    <skipped message="Reached error page: about:neterror?e=dnsNotFound&amp;u=http%3A//demo.guru99.com/V4/&amp;c=UTF-8&amp;f=regular&amp;d=Firefox%20can%E2%80%99t%20find%20the%20server%20at%20demo.guru99.com.&#10;Build info: version: &apos;3.6.0&apos;, revision: &apos;6fbf3ec767&apos;, time: &apos;2017-09-27T15:28:36.4Z&apos;&#10;System info: host: &apos;DESKTOP-Q819BJ1&apos;, ip: &apos;127.0.0.1&apos;, os.name: &apos;Windows 10&apos;, os.arch: &apos;amd64&apos;, os.version: &apos;10.0&apos;, java.version: &apos;1.8.0_121&apos;&#10;Driver info: org.openqa.selenium.firefox.FirefoxDriver&#10;Capabilities [{moz:profile=C:\Windows\TEMP\rust_mozprofile.4ZumB7ZxNQkM, rotatable=false, timeouts={implicit=0, pageLoad=300000, script=30000}, pageLoadStrategy=normal, platform=XP, specificationLevel=0, moz:accessibilityChecks=false, acceptInsecureCerts=true, browserVersion=54.0, platformVersion=10.0, moz:processID=2452, browserName=firefox, javascriptEnabled=true, platformName=XP}]&#10;Session ID: 6e1cb916-7b11-4535-a3ee-cbfc9a42b07f"/>
  </testcase>
</testsuite>