<?xml version="1.0" encoding="UTF-8"?>
<testng-results skipped="0" failed="0" ignored="0" total="1" passed="1">
  <reporter-output>
    <line>
      <![CDATA[valid login]]>
    </line>
  </reporter-output>
  <suite name="Suite" duration-ms="26842" started-at="2017-12-18T05:57:14Z" finished-at="2017-12-18T05:57:41Z">
    <groups>
      <group name="login">
        <method signature="validLogin.testvalidLogin()[pri:1, instance:script.validLogin@3d8c7aca]" name="testvalidLogin" class="script.validLogin"/>
      </group> <!-- login -->
    </groups>
    <test name="Test" duration-ms="26842" started-at="2017-12-18T05:57:14Z" finished-at="2017-12-18T05:57:41Z">
      <class name="script.validLogin">
        <test-method status="PASS" signature="openApplication()[pri:0, instance:script.validLogin@3d8c7aca]" name="openApplication" is-config="true" duration-ms="19384" started-at="2017-12-18T11:27:14Z" finished-at="2017-12-18T11:27:34Z">
          <reporter-output>
          </reporter-output>
        </test-method> <!-- openApplication -->
        <test-method status="PASS" signature="testvalidLogin()[pri:1, instance:script.validLogin@3d8c7aca]" name="testvalidLogin" duration-ms="6593" started-at="2017-12-18T11:27:34Z" finished-at="2017-12-18T11:27:40Z">
          <reporter-output>
            <line>
              <![CDATA[valid login]]>
            </line>
          </reporter-output>
        </test-method> <!-- testvalidLogin -->
        <test-method status="PASS" signature="closeBrowser()[pri:0, instance:script.validLogin@3d8c7aca]" name="closeBrowser" is-config="true" duration-ms="849" started-at="2017-12-18T11:27:40Z" finished-at="2017-12-18T11:27:41Z">
          <reporter-output>
          </reporter-output>
        </test-method> <!-- closeBrowser -->
      </class> <!-- script.validLogin -->
    </test> <!-- Test -->
  </suite> <!-- Suite -->
</testng-results>
