<?xml version="1.0" encoding="UTF-8"?>
<testng-results skipped="0" failed="0" ignored="0" total="1" passed="1">
  <reporter-output>
    <line>
      <![CDATA[valid login]]>
    </line>
  </reporter-output>
  <suite name="Suite" duration-ms="15389" started-at="2017-12-19T08:18:10Z" finished-at="2017-12-19T08:18:26Z">
    <groups>
      <group name="login">
        <method signature="validLogin.testvalidLogin()[pri:1, instance:script.validLogin@3bfdc050]" name="testvalidLogin" class="script.validLogin"/>
      </group> <!-- login -->
    </groups>
    <test name="Test" duration-ms="15389" started-at="2017-12-19T08:18:10Z" finished-at="2017-12-19T08:18:26Z">
      <class name="script.validLogin">
        <test-method status="PASS" signature="openApplication()[pri:0, instance:script.validLogin@3bfdc050]" name="openApplication" is-config="true" duration-ms="8967" started-at="2017-12-19T13:48:10Z" finished-at="2017-12-19T13:48:19Z">
          <reporter-output>
          </reporter-output>
        </test-method> <!-- openApplication -->
        <test-method status="PASS" signature="testvalidLogin()[pri:1, instance:script.validLogin@3bfdc050]" name="testvalidLogin" duration-ms="5641" started-at="2017-12-19T13:48:19Z" finished-at="2017-12-19T13:48:25Z">
          <reporter-output>
            <line>
              <![CDATA[valid login]]>
            </line>
          </reporter-output>
        </test-method> <!-- testvalidLogin -->
        <test-method status="PASS" signature="closeBrowser()[pri:0, instance:script.validLogin@3bfdc050]" name="closeBrowser" is-config="true" duration-ms="754" started-at="2017-12-19T13:48:25Z" finished-at="2017-12-19T13:48:26Z">
          <reporter-output>
          </reporter-output>
        </test-method> <!-- closeBrowser -->
      </class> <!-- script.validLogin -->
    </test> <!-- Test -->
  </suite> <!-- Suite -->
</testng-results>
